{"C:\\Users\\daini\\OneDrive\\Documents\\HTML\\mano-repo\\mobilePay\\script.js": {"path":"C:\\Users\\daini\\OneDrive\\Documents\\HTML\\mano-repo\\mobilePay\\script.js","statementMap":{"0":{"start":{"line":2,"column":0},"end":{"line":2,"column":26}},"1":{"start":{"line":3,"column":0},"end":{"line":3,"column":86}},"2":{"start":{"line":4,"column":12},"end":{"line":8,"column":1}},"3":{"start":{"line":9,"column":13},"end":{"line":9,"column":15}},"4":{"start":{"line":10,"column":0},"end":{"line":19,"column":2}},"5":{"start":{"line":15,"column":8},"end":{"line":17,"column":86}},"6":{"start":{"line":20,"column":33},"end":{"line":34,"column":3}},"7":{"start":{"line":22,"column":24},"end":{"line":22,"column":29}},"8":{"start":{"line":22,"column":47},"end":{"line":22,"column":52}},"9":{"start":{"line":22,"column":68},"end":{"line":22,"column":73}},"10":{"start":{"line":23,"column":8},"end":{"line":23,"column":35}},"11":{"start":{"line":24,"column":8},"end":{"line":24,"column":43}},"12":{"start":{"line":25,"column":8},"end":{"line":25,"column":49}},"13":{"start":{"line":26,"column":8},"end":{"line":26,"column":26}},"14":{"start":{"line":27,"column":8},"end":{"line":27,"column":40}},"15":{"start":{"line":29,"column":4},"end":{"line":32,"column":6}},"16":{"start":{"line":30,"column":8},"end":{"line":31,"column":53}},"17":{"start":{"line":33,"column":4},"end":{"line":33,"column":23}},"18":{"start":{"line":35,"column":0},"end":{"line":51,"column":2}},"19":{"start":{"line":38,"column":8},"end":{"line":40,"column":55}},"20":{"start":{"line":43,"column":8},"end":{"line":48,"column":11}},"21":{"start":{"line":44,"column":33},"end":{"line":44,"column":54}},"22":{"start":{"line":45,"column":37},"end":{"line":45,"column":71}},"23":{"start":{"line":47,"column":12},"end":{"line":47,"column":39}},"24":{"start":{"line":49,"column":8},"end":{"line":49,"column":36}},"25":{"start":{"line":53,"column":0},"end":{"line":85,"column":2}},"26":{"start":{"line":56,"column":8},"end":{"line":56,"column":51}},"27":{"start":{"line":59,"column":8},"end":{"line":59,"column":75}},"28":{"start":{"line":62,"column":8},"end":{"line":62,"column":83}},"29":{"start":{"line":65,"column":8},"end":{"line":65,"column":141}},"30":{"start":{"line":68,"column":8},"end":{"line":70,"column":56}},"31":{"start":{"line":73,"column":8},"end":{"line":73,"column":92}},"32":{"start":{"line":76,"column":8},"end":{"line":82,"column":11}},"33":{"start":{"line":77,"column":12},"end":{"line":77,"column":54}},"34":{"start":{"line":78,"column":12},"end":{"line":78,"column":52}},"35":{"start":{"line":79,"column":12},"end":{"line":79,"column":58}},"36":{"start":{"line":80,"column":12},"end":{"line":80,"column":57}},"37":{"start":{"line":81,"column":12},"end":{"line":81,"column":49}},"38":{"start":{"line":83,"column":8},"end":{"line":83,"column":19}},"39":{"start":{"line":87,"column":0},"end":{"line":95,"column":2}},"40":{"start":{"line":89,"column":8},"end":{"line":89,"column":20}},"41":{"start":{"line":90,"column":8},"end":{"line":92,"column":11}},"42":{"start":{"line":91,"column":12},"end":{"line":91,"column":98}},"43":{"start":{"line":93,"column":8},"end":{"line":93,"column":22}},"44":{"start":{"line":97,"column":0},"end":{"line":97,"column":98}}},"fnMap":{"0":{"name":"(anonymous_0)","decl":{"start":{"line":14,"column":11},"end":{"line":14,"column":12}},"loc":{"start":{"line":14,"column":23},"end":{"line":18,"column":5}},"line":14},"1":{"name":"(anonymous_1)","decl":{"start":{"line":20,"column":33},"end":{"line":20,"column":34}},"loc":{"start":{"line":20,"column":45},"end":{"line":34,"column":1}},"line":20},"2":{"name":"Transaction","decl":{"start":{"line":21,"column":13},"end":{"line":21,"column":24}},"loc":{"start":{"line":21,"column":29},"end":{"line":28,"column":5}},"line":21},"3":{"name":"(anonymous_3)","decl":{"start":{"line":29,"column":36},"end":{"line":29,"column":37}},"loc":{"start":{"line":29,"column":48},"end":{"line":32,"column":5}},"line":29},"4":{"name":"(anonymous_4)","decl":{"start":{"line":37,"column":13},"end":{"line":37,"column":14}},"loc":{"start":{"line":37,"column":32},"end":{"line":41,"column":5}},"line":37},"5":{"name":"(anonymous_5)","decl":{"start":{"line":42,"column":13},"end":{"line":42,"column":14}},"loc":{"start":{"line":42,"column":35},"end":{"line":50,"column":5}},"line":42},"6":{"name":"(anonymous_6)","decl":{"start":{"line":44,"column":17},"end":{"line":44,"column":18}},"loc":{"start":{"line":44,"column":31},"end":{"line":44,"column":56}},"line":44},"7":{"name":"(anonymous_7)","decl":{"start":{"line":45,"column":20},"end":{"line":45,"column":21}},"loc":{"start":{"line":45,"column":35},"end":{"line":45,"column":73}},"line":45},"8":{"name":"(anonymous_8)","decl":{"start":{"line":46,"column":17},"end":{"line":46,"column":18}},"loc":{"start":{"line":46,"column":31},"end":{"line":48,"column":9}},"line":46},"9":{"name":"(anonymous_9)","decl":{"start":{"line":55,"column":14},"end":{"line":55,"column":15}},"loc":{"start":{"line":55,"column":29},"end":{"line":57,"column":5}},"line":55},"10":{"name":"(anonymous_10)","decl":{"start":{"line":58,"column":22},"end":{"line":58,"column":23}},"loc":{"start":{"line":58,"column":36},"end":{"line":60,"column":5}},"line":58},"11":{"name":"(anonymous_11)","decl":{"start":{"line":61,"column":20},"end":{"line":61,"column":21}},"loc":{"start":{"line":61,"column":34},"end":{"line":63,"column":5}},"line":61},"12":{"name":"(anonymous_12)","decl":{"start":{"line":64,"column":26},"end":{"line":64,"column":27}},"loc":{"start":{"line":64,"column":40},"end":{"line":66,"column":5}},"line":64},"13":{"name":"(anonymous_13)","decl":{"start":{"line":67,"column":25},"end":{"line":67,"column":26}},"loc":{"start":{"line":67,"column":39},"end":{"line":71,"column":5}},"line":67},"14":{"name":"(anonymous_14)","decl":{"start":{"line":72,"column":17},"end":{"line":72,"column":18}},"loc":{"start":{"line":72,"column":31},"end":{"line":74,"column":5}},"line":72},"15":{"name":"(anonymous_15)","decl":{"start":{"line":75,"column":16},"end":{"line":75,"column":17}},"loc":{"start":{"line":75,"column":31},"end":{"line":84,"column":5}},"line":75},"16":{"name":"(anonymous_16)","decl":{"start":{"line":76,"column":16},"end":{"line":76,"column":17}},"loc":{"start":{"line":76,"column":31},"end":{"line":82,"column":9}},"line":76},"17":{"name":"(anonymous_17)","decl":{"start":{"line":88,"column":16},"end":{"line":88,"column":17}},"loc":{"start":{"line":88,"column":30},"end":{"line":94,"column":5}},"line":88},"18":{"name":"(anonymous_18)","decl":{"start":{"line":90,"column":15},"end":{"line":90,"column":16}},"loc":{"start":{"line":90,"column":28},"end":{"line":92,"column":9}},"line":90}},"branchMap":{"0":{"loc":{"start":{"line":30,"column":16},"end":{"line":31,"column":51}},"type":"binary-expr","locations":[{"start":{"line":30,"column":16},"end":{"line":30,"column":55}},{"start":{"line":31,"column":12},"end":{"line":31,"column":51}}],"line":30},"1":{"loc":{"start":{"line":38,"column":16},"end":{"line":40,"column":53}},"type":"binary-expr","locations":[{"start":{"line":38,"column":17},"end":{"line":38,"column":37}},{"start":{"line":39,"column":13},"end":{"line":39,"column":82}},{"start":{"line":40,"column":13},"end":{"line":40,"column":52}}],"line":38},"2":{"loc":{"start":{"line":68,"column":15},"end":{"line":70,"column":55}},"type":"cond-expr","locations":[{"start":{"line":69,"column":15},"end":{"line":69,"column":90}},{"start":{"line":70,"column":14},"end":{"line":70,"column":55}}],"line":68},"3":{"loc":{"start":{"line":73,"column":15},"end":{"line":73,"column":91}},"type":"cond-expr","locations":[{"start":{"line":73,"column":31},"end":{"line":73,"column":46}},{"start":{"line":73,"column":50},"end":{"line":73,"column":91}}],"line":73}},"s":{"0":1,"1":1,"2":1,"3":1,"4":1,"5":5,"6":1,"7":10,"8":10,"9":10,"10":10,"11":10,"12":10,"13":10,"14":10,"15":1,"16":10,"17":1,"18":1,"19":13,"20":4,"21":13,"22":13,"23":10,"24":4,"25":1,"26":73,"27":19,"28":19,"29":19,"30":19,"31":19,"32":3,"33":19,"34":19,"35":19,"36":19,"37":19,"38":3,"39":1,"40":3,"41":3,"42":9,"43":3,"44":1},"f":{"0":5,"1":1,"2":10,"3":10,"4":13,"5":4,"6":13,"7":13,"8":10,"9":73,"10":19,"11":19,"12":19,"13":19,"14":19,"15":3,"16":19,"17":3,"18":9},"b":{"0":[10,6],"1":[13,12,11],"2":[1,18],"3":[3,16]},"inputSourceMap":null,"_coverageSchema":"1a1c01bbd47fc00a2c39e90264f33305004495a9","hash":"55ba2a81f569269a108738e0490055b945e65358"}
}
