TN:
SF:script.js
FN:14,(anonymous_0)
FN:20,(anonymous_1)
FN:21,Transaction
FN:29,(anonymous_3)
FN:37,(anonymous_4)
FN:42,(anonymous_5)
FN:44,(anonymous_6)
FN:45,(anonymous_7)
FN:46,(anonymous_8)
FN:55,(anonymous_9)
FN:58,(anonymous_10)
FN:61,(anonymous_11)
FN:64,(anonymous_12)
FN:67,(anonymous_13)
FN:72,(anonymous_14)
FN:75,(anonymous_15)
FN:76,(anonymous_16)
FN:88,(anonymous_17)
FN:90,(anonymous_18)
FNF:19
FNH:19
FNDA:5,(anonymous_0)
FNDA:1,(anonymous_1)
FNDA:10,Transaction
FNDA:10,(anonymous_3)
FNDA:13,(anonymous_4)
FNDA:4,(anonymous_5)
FNDA:13,(anonymous_6)
FNDA:13,(anonymous_7)
FNDA:10,(anonymous_8)
FNDA:73,(anonymous_9)
FNDA:19,(anonymous_10)
FNDA:19,(anonymous_11)
FNDA:19,(anonymous_12)
FNDA:19,(anonymous_13)
FNDA:19,(anonymous_14)
FNDA:3,(anonymous_15)
FNDA:19,(anonymous_16)
FNDA:3,(anonymous_17)
FNDA:9,(anonymous_18)
DA:2,1
DA:3,1
DA:4,1
DA:9,1
DA:10,1
DA:15,5
DA:20,1
DA:22,10
DA:23,10
DA:24,10
DA:25,10
DA:26,10
DA:27,10
DA:29,1
DA:30,10
DA:33,1
DA:35,1
DA:38,13
DA:43,4
DA:44,13
DA:45,13
DA:47,10
DA:49,4
DA:53,1
DA:56,73
DA:59,19
DA:62,19
DA:65,19
DA:68,19
DA:73,19
DA:76,3
DA:77,19
DA:78,19
DA:79,19
DA:80,19
DA:81,19
DA:83,3
DA:87,1
DA:89,3
DA:90,3
DA:91,9
DA:93,3
DA:97,1
LF:43
LH:43
BRDA:30,0,0,10
BRDA:30,0,1,6
BRDA:38,1,0,13
BRDA:38,1,1,12
BRDA:38,1,2,11
BRDA:68,2,0,1
BRDA:68,2,1,18
BRDA:73,3,0,3
BRDA:73,3,1,16
BRF:9
BRH:9
end_of_record
